<?xml version="1.0" encoding="UTF-8"?>
<!-- Generated by org.testng.reporters.JUnitReportReporter -->
<testsuite skipped="0" hostname="FaisalKhatri" name="com.guru99.bankproject.websitetests.Guru99Tests" tests="3" failures="0" timestamp="13 Apr 2019 13:41:02 GMT" time="26.543" errors="0">
  <testcase name="loginValidationTests" time="8.916" classname="com.guru99.bankproject.websitetests.Guru99Tests"/>
  <testcase name="addnewCustomerTest" time="9.589" classname="com.guru99.bankproject.websitetests.Guru99Tests"/>
  <testcase name="addNewAccount" time="8.038" classname="com.guru99.bankproject.websitetests.Guru99Tests"/>
</testsuite> <!-- com.guru99.bankproject.websitetests.Guru99Tests -->
