<?xml version="1.0" encoding="UTF-8"?>
<!-- Generated by org.testng.reporters.JUnitReportReporter -->
<testsuite skipped="0" hostname="FaisalKhatri" name="com.guru99.bankproject.websitetests.LoginTests" tests="6" failures="0" timestamp="06 Apr 2019 10:21:13 GMT" time="55.597" errors="0">
  <testcase name="loginValidationTests" time="6.526" classname="com.guru99.bankproject.websitetests.LoginTests"/>
  <testcase name="loginValidationTests" time="2.003" classname="com.guru99.bankproject.websitetests.LoginTests"/>
  <testcase name="loginValidationTests" time="10.188" classname="com.guru99.bankproject.websitetests.LoginTests"/>
  <testcase name="loginValidationTests" time="23.085" classname="com.guru99.bankproject.websitetests.LoginTests"/>
  <testcase name="loginValidationTests" time="5.217" classname="com.guru99.bankproject.websitetests.LoginTests"/>
  <testcase name="loginValidationTests" time="8.578" classname="com.guru99.bankproject.websitetests.LoginTests"/>
</testsuite> <!-- com.guru99.bankproject.websitetests.LoginTests -->
